{"/Users/locacao/Documents/pastelaria-do-arturito/core/services/http-client/httpClient.ts": {"path":"/Users/locacao/Documents/pastelaria-do-arturito/core/services/http-client/httpClient.ts","statementMap":{"0":{"start":{"line":3,"column":2},"end":{"line":12,"column":3}},"1":{"start":{"line":4,"column":20},"end":{"line":4,"column":36}},"2":{"start":{"line":5,"column":3},"end":{"line":7,"column":4}},"3":{"start":{"line":6,"column":4},"end":{"line":6,"column":78}},"4":{"start":{"line":9,"column":3},"end":{"line":9,"column":32}},"5":{"start":{"line":11,"column":3},"end":{"line":11,"column":15}},"6":{"start":{"line":17,"column":2},"end":{"line":33,"column":3}},"7":{"start":{"line":18,"column":20},"end":{"line":24,"column":5}},"8":{"start":{"line":26,"column":3},"end":{"line":28,"column":4}},"9":{"start":{"line":27,"column":4},"end":{"line":27,"column":79}},"10":{"start":{"line":30,"column":3},"end":{"line":30,"column":32}},"11":{"start":{"line":32,"column":3},"end":{"line":32,"column":15}},"12":{"start":{"line":38,"column":2},"end":{"line":50,"column":3}},"13":{"start":{"line":39,"column":20},"end":{"line":41,"column":5}},"14":{"start":{"line":43,"column":3},"end":{"line":45,"column":4}},"15":{"start":{"line":44,"column":4},"end":{"line":44,"column":81}},"16":{"start":{"line":47,"column":3},"end":{"line":47,"column":32}},"17":{"start":{"line":49,"column":3},"end":{"line":49,"column":15}},"18":{"start":{"line":54,"column":2},"end":{"line":70,"column":3}},"19":{"start":{"line":55,"column":20},"end":{"line":61,"column":5}},"20":{"start":{"line":63,"column":3},"end":{"line":65,"column":4}},"21":{"start":{"line":64,"column":4},"end":{"line":64,"column":80}},"22":{"start":{"line":67,"column":3},"end":{"line":67,"column":32}},"23":{"start":{"line":69,"column":3},"end":{"line":69,"column":15}}},"fnMap":{"0":{"name":"(anonymous_0)","decl":{"start":{"line":2,"column":1},"end":{"line":2,"column":2}},"loc":{"start":{"line":2,"column":38},"end":{"line":13,"column":2}},"line":2},"1":{"name":"(anonymous_1)","decl":{"start":{"line":16,"column":1},"end":{"line":16,"column":2}},"loc":{"start":{"line":16,"column":50},"end":{"line":34,"column":2}},"line":16},"2":{"name":"(anonymous_2)","decl":{"start":{"line":37,"column":1},"end":{"line":37,"column":2}},"loc":{"start":{"line":37,"column":41},"end":{"line":51,"column":2}},"line":37},"3":{"name":"(anonymous_3)","decl":{"start":{"line":53,"column":1},"end":{"line":53,"column":2}},"loc":{"start":{"line":53,"column":51},"end":{"line":71,"column":2}},"line":53}},"branchMap":{"0":{"loc":{"start":{"line":5,"column":3},"end":{"line":7,"column":4}},"type":"if","locations":[{"start":{"line":5,"column":3},"end":{"line":7,"column":4}},{"start":{},"end":{}}],"line":5},"1":{"loc":{"start":{"line":26,"column":3},"end":{"line":28,"column":4}},"type":"if","locations":[{"start":{"line":26,"column":3},"end":{"line":28,"column":4}},{"start":{},"end":{}}],"line":26},"2":{"loc":{"start":{"line":43,"column":3},"end":{"line":45,"column":4}},"type":"if","locations":[{"start":{"line":43,"column":3},"end":{"line":45,"column":4}},{"start":{},"end":{}}],"line":43},"3":{"loc":{"start":{"line":63,"column":3},"end":{"line":65,"column":4}},"type":"if","locations":[{"start":{"line":63,"column":3},"end":{"line":65,"column":4}},{"start":{},"end":{}}],"line":63}},"s":{"0":2,"1":2,"2":2,"3":1,"4":1,"5":1,"6":2,"7":2,"8":2,"9":1,"10":1,"11":1,"12":2,"13":2,"14":2,"15":1,"16":1,"17":1,"18":2,"19":2,"20":2,"21":1,"22":1,"23":1},"f":{"0":2,"1":2,"2":2,"3":2},"b":{"0":[1,1],"1":[1,1],"2":[1,1],"3":[1,1]},"_coverageSchema":"1a1c01bbd47fc00a2c39e90264f33305004495a9","hash":"439ee58bdb91a54b2a7e13abbae1d7b904b73f5a"}
,"/Users/locacao/Documents/pastelaria-do-arturito/core/services/remote-database/remoteDatabase.ts": {"path":"/Users/locacao/Documents/pastelaria-do-arturito/core/services/remote-database/remoteDatabase.ts","statementMap":{"0":{"start":{"line":4,"column":17},"end":{"line":4,"column":66}},"1":{"start":{"line":10,"column":2},"end":{"line":10,"column":27}},"2":{"start":{"line":14,"column":2},"end":{"line":22,"column":3}},"3":{"start":{"line":15,"column":24},"end":{"line":15,"column":73}},"4":{"start":{"line":16,"column":20},"end":{"line":16,"column":55}},"5":{"start":{"line":18,"column":3},"end":{"line":18,"column":19}},"6":{"start":{"line":20,"column":3},"end":{"line":20,"column":70}},"7":{"start":{"line":21,"column":3},"end":{"line":21,"column":15}},"8":{"start":{"line":26,"column":2},"end":{"line":35,"column":3}},"9":{"start":{"line":27,"column":24},"end":{"line":27,"column":73}},"10":{"start":{"line":28,"column":3},"end":{"line":28,"column":29}},"11":{"start":{"line":29,"column":20},"end":{"line":29,"column":62}},"12":{"start":{"line":30,"column":3},"end":{"line":30,"column":25}},"13":{"start":{"line":31,"column":3},"end":{"line":31,"column":19}},"14":{"start":{"line":33,"column":3},"end":{"line":33,"column":69}},"15":{"start":{"line":34,"column":3},"end":{"line":34,"column":15}},"16":{"start":{"line":39,"column":2},"end":{"line":47,"column":3}},"17":{"start":{"line":40,"column":24},"end":{"line":40,"column":73}},"18":{"start":{"line":41,"column":20},"end":{"line":41,"column":63}},"19":{"start":{"line":43,"column":3},"end":{"line":43,"column":19}},"20":{"start":{"line":45,"column":3},"end":{"line":45,"column":70}},"21":{"start":{"line":46,"column":3},"end":{"line":46,"column":15}}},"fnMap":{"0":{"name":"(anonymous_0)","decl":{"start":{"line":9,"column":1},"end":{"line":9,"column":2}},"loc":{"start":{"line":9,"column":57},"end":{"line":11,"column":2}},"line":9},"1":{"name":"(anonymous_1)","decl":{"start":{"line":13,"column":1},"end":{"line":13,"column":2}},"loc":{"start":{"line":13,"column":45},"end":{"line":23,"column":2}},"line":13},"2":{"name":"(anonymous_2)","decl":{"start":{"line":25,"column":1},"end":{"line":25,"column":2}},"loc":{"start":{"line":25,"column":57},"end":{"line":36,"column":2}},"line":25},"3":{"name":"(anonymous_3)","decl":{"start":{"line":38,"column":1},"end":{"line":38,"column":2}},"loc":{"start":{"line":38,"column":58},"end":{"line":48,"column":2}},"line":38}},"branchMap":{},"s":{"0":3,"1":6,"2":2,"3":2,"4":2,"5":1,"6":1,"7":1,"8":2,"9":2,"10":2,"11":2,"12":1,"13":1,"14":1,"15":1,"16":2,"17":2,"18":2,"19":1,"20":1,"21":1},"f":{"0":6,"1":2,"2":2,"3":2},"b":{},"_coverageSchema":"1a1c01bbd47fc00a2c39e90264f33305004495a9","hash":"fb828f1545ec08bb06a12eb8e780482c73424822"}
,"/Users/locacao/Documents/pastelaria-do-arturito/core/services/storage/storage-service.ts": {"path":"/Users/locacao/Documents/pastelaria-do-arturito/core/services/storage/storage-service.ts","statementMap":{"0":{"start":{"line":3,"column":27},"end":{"line":5,"column":1}},"1":{"start":{"line":9,"column":4},"end":{"line":15,"column":5}},"2":{"start":{"line":10,"column":6},"end":{"line":10,"column":45}},"3":{"start":{"line":11,"column":6},"end":{"line":11,"column":18}},"4":{"start":{"line":13,"column":6},"end":{"line":13,"column":50}},"5":{"start":{"line":14,"column":6},"end":{"line":14,"column":19}},"6":{"start":{"line":20,"column":4},"end":{"line":26,"column":5}},"7":{"start":{"line":21,"column":20},"end":{"line":21,"column":51}},"8":{"start":{"line":22,"column":6},"end":{"line":22,"column":41}},"9":{"start":{"line":24,"column":6},"end":{"line":24,"column":52}},"10":{"start":{"line":25,"column":6},"end":{"line":25,"column":16}}},"fnMap":{"0":{"name":"(anonymous_0)","decl":{"start":{"line":8,"column":2},"end":{"line":8,"column":3}},"loc":{"start":{"line":8,"column":65},"end":{"line":16,"column":3}},"line":8},"1":{"name":"(anonymous_1)","decl":{"start":{"line":19,"column":2},"end":{"line":19,"column":3}},"loc":{"start":{"line":19,"column":45},"end":{"line":27,"column":3}},"line":19}},"branchMap":{"0":{"loc":{"start":{"line":22,"column":13},"end":{"line":22,"column":40}},"type":"cond-expr","locations":[{"start":{"line":22,"column":30},"end":{"line":22,"column":35}},{"start":{"line":22,"column":38},"end":{"line":22,"column":40}}],"line":22}},"s":{"0":1,"1":2,"2":2,"3":1,"4":1,"5":1,"6":3,"7":3,"8":2,"9":1,"10":1},"f":{"0":2,"1":3},"b":{"0":[1,1]},"_coverageSchema":"1a1c01bbd47fc00a2c39e90264f33305004495a9","hash":"32a733f39d7d54eca194aa7863089e5be044fdb0"}
,"/Users/locacao/Documents/pastelaria-do-arturito/services/cart/cart-repository-impl.ts": {"path":"/Users/locacao/Documents/pastelaria-do-arturito/services/cart/cart-repository-impl.ts","statementMap":{"0":{"start":{"line":7,"column":19},"end":{"line":7,"column":26}},"1":{"start":{"line":14,"column":4},"end":{"line":14,"column":41}},"2":{"start":{"line":17,"column":4},"end":{"line":26,"column":5}},"3":{"start":{"line":18,"column":21},"end":{"line":18,"column":77}},"4":{"start":{"line":20,"column":6},"end":{"line":20,"column":73}},"5":{"start":{"line":21,"column":6},"end":{"line":21,"column":20}},"6":{"start":{"line":24,"column":6},"end":{"line":24,"column":72}},"7":{"start":{"line":25,"column":6},"end":{"line":25,"column":18}},"8":{"start":{"line":30,"column":4},"end":{"line":38,"column":5}},"9":{"start":{"line":31,"column":21},"end":{"line":31,"column":69}},"10":{"start":{"line":32,"column":6},"end":{"line":32,"column":45}},"11":{"start":{"line":33,"column":6},"end":{"line":33,"column":28}},"12":{"start":{"line":36,"column":6},"end":{"line":36,"column":73}},"13":{"start":{"line":37,"column":6},"end":{"line":37,"column":18}},"14":{"start":{"line":42,"column":4},"end":{"line":54,"column":5}},"15":{"start":{"line":43,"column":19},"end":{"line":43,"column":41}},"16":{"start":{"line":44,"column":6},"end":{"line":44,"column":51}},"17":{"start":{"line":45,"column":21},"end":{"line":48,"column":7}},"18":{"start":{"line":49,"column":6},"end":{"line":49,"column":20}},"19":{"start":{"line":52,"column":6},"end":{"line":52,"column":73}},"20":{"start":{"line":53,"column":6},"end":{"line":53,"column":18}}},"fnMap":{"0":{"name":"(anonymous_0)","decl":{"start":{"line":13,"column":2},"end":{"line":13,"column":3}},"loc":{"start":{"line":13,"column":70},"end":{"line":15,"column":3}},"line":13},"1":{"name":"(anonymous_1)","decl":{"start":{"line":16,"column":2},"end":{"line":16,"column":3}},"loc":{"start":{"line":16,"column":54},"end":{"line":27,"column":3}},"line":16},"2":{"name":"(anonymous_2)","decl":{"start":{"line":29,"column":2},"end":{"line":29,"column":3}},"loc":{"start":{"line":29,"column":55},"end":{"line":39,"column":3}},"line":29},"3":{"name":"(anonymous_3)","decl":{"start":{"line":41,"column":2},"end":{"line":41,"column":3}},"loc":{"start":{"line":41,"column":78},"end":{"line":55,"column":3}},"line":41}},"branchMap":{},"s":{"0":1,"1":8,"2":3,"3":3,"4":2,"5":2,"6":1,"7":1,"8":3,"9":3,"10":2,"11":2,"12":2,"13":2,"14":2,"15":2,"16":2,"17":2,"18":1,"19":1,"20":1},"f":{"0":8,"1":3,"2":3,"3":2},"b":{},"_coverageSchema":"1a1c01bbd47fc00a2c39e90264f33305004495a9","hash":"6c65ea407f982eb24e5dae9eea60be62db456fe9"}
,"/Users/locacao/Documents/pastelaria-do-arturito/services/product/product-repository-impl.ts": {"path":"/Users/locacao/Documents/pastelaria-do-arturito/services/product/product-repository-impl.ts","statementMap":{"0":{"start":{"line":6,"column":19},"end":{"line":6,"column":29}},"1":{"start":{"line":13,"column":4},"end":{"line":13,"column":41}},"2":{"start":{"line":17,"column":4},"end":{"line":22,"column":5}},"3":{"start":{"line":18,"column":6},"end":{"line":18,"column":66}},"4":{"start":{"line":20,"column":6},"end":{"line":20,"column":76}},"5":{"start":{"line":21,"column":6},"end":{"line":21,"column":18}},"6":{"start":{"line":27,"column":4},"end":{"line":36,"column":5}},"7":{"start":{"line":28,"column":23},"end":{"line":28,"column":64}},"8":{"start":{"line":29,"column":6},"end":{"line":31,"column":8}},"9":{"start":{"line":30,"column":16},"end":{"line":30,"column":45}},"10":{"start":{"line":34,"column":6},"end":{"line":34,"column":77}},"11":{"start":{"line":35,"column":6},"end":{"line":35,"column":18}}},"fnMap":{"0":{"name":"(anonymous_0)","decl":{"start":{"line":12,"column":2},"end":{"line":12,"column":3}},"loc":{"start":{"line":12,"column":70},"end":{"line":14,"column":3}},"line":12},"1":{"name":"(anonymous_1)","decl":{"start":{"line":16,"column":2},"end":{"line":16,"column":3}},"loc":{"start":{"line":16,"column":54},"end":{"line":23,"column":3}},"line":16},"2":{"name":"(anonymous_2)","decl":{"start":{"line":26,"column":2},"end":{"line":26,"column":3}},"loc":{"start":{"line":26,"column":42},"end":{"line":37,"column":3}},"line":26},"3":{"name":"(anonymous_3)","decl":{"start":{"line":30,"column":8},"end":{"line":30,"column":9}},"loc":{"start":{"line":30,"column":16},"end":{"line":30,"column":45}},"line":30}},"branchMap":{},"s":{"0":1,"1":6,"2":3,"3":3,"4":1,"5":1,"6":3,"7":3,"8":2,"9":13,"10":2,"11":2},"f":{"0":6,"1":3,"2":3,"3":13},"b":{},"_coverageSchema":"1a1c01bbd47fc00a2c39e90264f33305004495a9","hash":"11ff35e1b51d3ef622a4629d745a9a0a343b3052"}
}
