TN:
SF:core/services/http-client/httpClient.ts
FN:2,(anonymous_0)
FN:16,(anonymous_1)
FN:37,(anonymous_2)
FN:53,(anonymous_3)
FNF:4
FNH:4
FNDA:2,(anonymous_0)
FNDA:2,(anonymous_1)
FNDA:2,(anonymous_2)
FNDA:2,(anonymous_3)
DA:3,2
DA:4,2
DA:5,2
DA:6,1
DA:9,1
DA:11,1
DA:17,2
DA:18,2
DA:26,2
DA:27,1
DA:30,1
DA:32,1
DA:38,2
DA:39,2
DA:43,2
DA:44,1
DA:47,1
DA:49,1
DA:54,2
DA:55,2
DA:63,2
DA:64,1
DA:67,1
DA:69,1
LF:24
LH:24
BRDA:5,0,0,1
BRDA:5,0,1,1
BRDA:26,1,0,1
BRDA:26,1,1,1
BRDA:43,2,0,1
BRDA:43,2,1,1
BRDA:63,3,0,1
BRDA:63,3,1,1
BRF:8
BRH:8
end_of_record
TN:
SF:core/services/remote-database/remoteDatabase.ts
FN:9,(anonymous_0)
FN:13,(anonymous_1)
FN:25,(anonymous_2)
FN:38,(anonymous_3)
FNF:4
FNH:4
FNDA:6,(anonymous_0)
FNDA:2,(anonymous_1)
FNDA:2,(anonymous_2)
FNDA:2,(anonymous_3)
DA:4,3
DA:10,6
DA:14,2
DA:15,2
DA:16,2
DA:18,1
DA:20,1
DA:21,1
DA:26,2
DA:27,2
DA:28,2
DA:29,2
DA:30,1
DA:31,1
DA:33,1
DA:34,1
DA:39,2
DA:40,2
DA:41,2
DA:43,1
DA:45,1
DA:46,1
LF:22
LH:22
BRF:0
BRH:0
end_of_record
TN:
SF:core/services/storage/storage-service.ts
FN:8,(anonymous_0)
FN:19,(anonymous_1)
FNF:2
FNH:2
FNDA:2,(anonymous_0)
FNDA:3,(anonymous_1)
DA:3,1
DA:9,2
DA:10,2
DA:11,1
DA:13,1
DA:14,1
DA:20,3
DA:21,3
DA:22,2
DA:24,1
DA:25,1
LF:11
LH:11
BRDA:22,0,0,1
BRDA:22,0,1,1
BRF:2
BRH:2
end_of_record
TN:
SF:services/cart/cart-repository-impl.ts
FN:13,(anonymous_0)
FN:16,(anonymous_1)
FN:29,(anonymous_2)
FN:41,(anonymous_3)
FNF:4
FNH:4
FNDA:8,(anonymous_0)
FNDA:3,(anonymous_1)
FNDA:3,(anonymous_2)
FNDA:2,(anonymous_3)
DA:7,1
DA:14,8
DA:17,3
DA:18,3
DA:20,2
DA:21,2
DA:24,1
DA:25,1
DA:30,3
DA:31,3
DA:32,2
DA:33,2
DA:36,2
DA:37,2
DA:42,2
DA:43,2
DA:44,2
DA:45,2
DA:49,1
DA:52,1
DA:53,1
LF:21
LH:21
BRF:0
BRH:0
end_of_record
TN:
SF:services/product/product-repository-impl.ts
FN:12,(anonymous_0)
FN:16,(anonymous_1)
FN:26,(anonymous_2)
FN:30,(anonymous_3)
FNF:4
FNH:4
FNDA:6,(anonymous_0)
FNDA:3,(anonymous_1)
FNDA:3,(anonymous_2)
FNDA:13,(anonymous_3)
DA:6,1
DA:13,6
DA:17,3
DA:18,3
DA:20,1
DA:21,1
DA:27,3
DA:28,3
DA:29,2
DA:30,13
DA:34,2
DA:35,2
LF:12
LH:12
BRF:0
BRH:0
end_of_record
